Reading netlist file: "C:\Users\Mylan\Documents\TER\Gowin-Ministar\7segment_counter\fpga\impl\gwsynthesis\7segments.vg"
Parsing netlist file "C:\Users\Mylan\Documents\TER\Gowin-Ministar\7segment_counter\fpga\impl\gwsynthesis\7segments.vg" completed
Processing netlist completed
Reading constraint file: "C:\Users\Mylan\Documents\TER\Gowin-Ministar\7segment_counter\fpga\src\7segments.cst"
Physical Constraint parsed completed
Running placement......
[10%] Placement Phase 0 completed
[20%] Placement Phase 1 completed
[30%] Placement Phase 2 completed
[50%] Placement Phase 3 completed
Running routing......
[60%] Routing Phase 0 completed
[70%] Routing Phase 1 completed
[80%] Routing Phase 2 completed
[90%] Routing Phase 3 completed
Running timing analysis......
[95%] Timing analysis completed
Placement and routing completed
Bitstream generation in progress......
Bitstream generation completed
Running power analysis......
[100%] Power analysis completed
Generate file "C:\Users\Mylan\Documents\TER\Gowin-Ministar\7segment_counter\fpga\impl\pnr\7segments.power.html" completed
Generate file "C:\Users\Mylan\Documents\TER\Gowin-Ministar\7segment_counter\fpga\impl\pnr\7segments.pin.html" completed
Generate file "C:\Users\Mylan\Documents\TER\Gowin-Ministar\7segment_counter\fpga\impl\pnr\7segments.rpt.html" completed
Generate file "C:\Users\Mylan\Documents\TER\Gowin-Ministar\7segment_counter\fpga\impl\pnr\7segments.rpt.txt" completed
Generate file "C:\Users\Mylan\Documents\TER\Gowin-Ministar\7segment_counter\fpga\impl\pnr\7segments.sdf" completed
Generate file "C:\Users\Mylan\Documents\TER\Gowin-Ministar\7segment_counter\fpga\impl\pnr\7segments.vo" completed
Generate file "C:\Users\Mylan\Documents\TER\Gowin-Ministar\7segment_counter\fpga\impl\pnr\7segments.tr.html" completed
Wed Jun 22 16:57:54 2022

