Reading netlist file: "C:\Users\Mylan\Documents\TER\exemple_fpga\exemple_cortex\impl\gwsynthesis\exemple_cortex.vg"
Parsing netlist file "C:\Users\Mylan\Documents\TER\exemple_fpga\exemple_cortex\impl\gwsynthesis\exemple_cortex.vg" completed
Processing netlist completed
Reading constraint file: "C:\Users\Mylan\Documents\TER\exemple_fpga\exemple_cortex\src\exemple_cortex.cst"
Physical Constraint parsed completed
Running placement......
[10%] Placement Phase 0 completed
[20%] Placement Phase 1 completed
[30%] Placement Phase 2 completed
[50%] Placement Phase 3 completed
Running routing......
[60%] Routing Phase 0 completed
[70%] Routing Phase 1 completed
[80%] Routing Phase 2 completed
[90%] Routing Phase 3 completed
Running timing analysis......
[95%] Timing analysis completed
Placement and routing completed
Bitstream generation in progress......
Bitstream generation completed
Running power analysis......
[100%] Power analysis completed
Generate file "C:\Users\Mylan\Documents\TER\exemple_fpga\exemple_cortex\impl\pnr\exemple_cortex.power.html" completed
Generate file "C:\Users\Mylan\Documents\TER\exemple_fpga\exemple_cortex\impl\pnr\exemple_cortex.pin.html" completed
Generate file "C:\Users\Mylan\Documents\TER\exemple_fpga\exemple_cortex\impl\pnr\exemple_cortex.rpt.html" completed
Generate file "C:\Users\Mylan\Documents\TER\exemple_fpga\exemple_cortex\impl\pnr\exemple_cortex.rpt.txt" completed
Generate file "C:\Users\Mylan\Documents\TER\exemple_fpga\exemple_cortex\impl\pnr\exemple_cortex.tr.html" completed
Thu Jun 16 15:31:06 2022

