Reading netlist file: "C:\Users\Mylan\Documents\TER\exemple_fpga\exemple_fpga\impl\gwsynthesis\exemple_fpga.vg"
Parsing netlist file "C:\Users\Mylan\Documents\TER\exemple_fpga\exemple_fpga\impl\gwsynthesis\exemple_fpga.vg" completed
Processing netlist completed
Reading constraint file: "C:\Users\Mylan\Documents\TER\exemple_fpga\exemple_fpga\src\exemple_fpga.cst"
Physical Constraint parsed completed
Running placement......
[10%] Placement Phase 0 completed
[20%] Placement Phase 1 completed
[30%] Placement Phase 2 completed
[50%] Placement Phase 3 completed
Running routing......
[60%] Routing Phase 0 completed
[70%] Routing Phase 1 completed
[80%] Routing Phase 2 completed
[90%] Routing Phase 3 completed
Running timing analysis......
[95%] Timing analysis completed
Placement and routing completed
Bitstream generation in progress......
Bitstream generation completed
Running power analysis......
[100%] Power analysis completed
Generate file "C:\Users\Mylan\Documents\TER\exemple_fpga\exemple_fpga\impl\pnr\exemple_fpga.power.html" completed
Generate file "C:\Users\Mylan\Documents\TER\exemple_fpga\exemple_fpga\impl\pnr\exemple_fpga.pin.html" completed
Generate file "C:\Users\Mylan\Documents\TER\exemple_fpga\exemple_fpga\impl\pnr\exemple_fpga.rpt.html" completed
Generate file "C:\Users\Mylan\Documents\TER\exemple_fpga\exemple_fpga\impl\pnr\exemple_fpga.rpt.txt" completed
Generate file "C:\Users\Mylan\Documents\TER\exemple_fpga\exemple_fpga\impl\pnr\exemple_fpga.tr.html" completed
Thu Jun 16 15:00:25 2022

